<?xml version="1.0" encoding="UTF-8"?>
<testng-results skipped="0" failed="0" ignored="0" total="1" passed="1">
  <reporter-output>
  </reporter-output>
  <suite name="Default suite" duration-ms="21743" started-at="2018-04-15T08:27:07Z" finished-at="2018-04-15T08:27:29Z">
    <groups>
    </groups>
    <test name="Default test" duration-ms="21743" started-at="2018-04-15T08:27:07Z" finished-at="2018-04-15T08:27:29Z">
      <class name="test.java.movie.common.test.FileReaderTest">
        <test-method status="PASS" signature="springTestContextBeforeTestClass()[pri:0, instance:test.java.movie.common.test.FileReaderTest@3e2055d6]" name="springTestContextBeforeTestClass" is-config="true" duration-ms="25" started-at="2018-04-15T08:27:07Z" finished-at="2018-04-15T08:27:07Z">
          <reporter-output>
          </reporter-output>
        </test-method> <!-- springTestContextBeforeTestClass -->
        <test-method status="PASS" signature="springTestContextPrepareTestInstance()[pri:0, instance:test.java.movie.common.test.FileReaderTest@3e2055d6]" name="springTestContextPrepareTestInstance" is-config="true" duration-ms="9818" started-at="2018-04-15T08:27:07Z" depends-on-methods="org.springframework.test.context.testng.AbstractTestNGSpringContextTests.springTestContextBeforeTestClass" finished-at="2018-04-15T08:27:17Z">
          <reporter-output>
          </reporter-output>
        </test-method> <!-- springTestContextPrepareTestInstance -->
        <test-method status="PASS" signature="springTestContextBeforeTestMethod(java.lang.reflect.Method)[pri:0, instance:test.java.movie.common.test.FileReaderTest@3e2055d6]" name="springTestContextBeforeTestMethod" is-config="true" duration-ms="137" started-at="2018-04-15T08:27:17Z" finished-at="2018-04-15T08:27:17Z">
          <params>
            <param index="0">
              <value>
                <![CDATA[public void test.java.movie.common.test.FileReaderTest.listMovieTypeTest() throws java.io.IOException]]>
              </value>
            </param>
          </params>
          <reporter-output>
          </reporter-output>
        </test-method> <!-- springTestContextBeforeTestMethod -->
        <test-method status="PASS" signature="listMovieTypeTest()[pri:0, instance:test.java.movie.common.test.FileReaderTest@3e2055d6]" name="listMovieTypeTest" duration-ms="11710" started-at="2018-04-15T08:27:17Z" finished-at="2018-04-15T08:27:29Z">
          <reporter-output>
          </reporter-output>
        </test-method> <!-- listMovieTypeTest -->
        <test-method status="PASS" signature="springTestContextAfterTestMethod(java.lang.reflect.Method)[pri:0, instance:test.java.movie.common.test.FileReaderTest@3e2055d6]" name="springTestContextAfterTestMethod" is-config="true" duration-ms="7" started-at="2018-04-15T08:27:29Z" finished-at="2018-04-15T08:27:29Z">
          <params>
            <param index="0">
              <value>
                <![CDATA[public void test.java.movie.common.test.FileReaderTest.listMovieTypeTest() throws java.io.IOException]]>
              </value>
            </param>
          </params>
          <reporter-output>
          </reporter-output>
        </test-method> <!-- springTestContextAfterTestMethod -->
        <test-method status="PASS" signature="springTestContextAfterTestClass()[pri:0, instance:test.java.movie.common.test.FileReaderTest@3e2055d6]" name="springTestContextAfterTestClass" is-config="true" duration-ms="0" started-at="2018-04-15T08:27:29Z" finished-at="2018-04-15T08:27:29Z">
          <reporter-output>
          </reporter-output>
        </test-method> <!-- springTestContextAfterTestClass -->
      </class> <!-- test.java.movie.common.test.FileReaderTest -->
    </test> <!-- Default test -->
  </suite> <!-- Default suite -->
</testng-results>
